<?xml version="1.0" encoding="UTF-8"?>
<!-- Generated by org.testng.reporters.JUnitReportReporter -->
<testsuite hostname="DESKTOP-6LB8055" failures="0" tests="1" name="com.calculator.TestSwiggy" time="35.238" errors="0" timestamp="2022-12-31T14:53:07 IST" skipped="0">
  <testcase classname="com.calculator.TestSwiggy" name="TestSwiggyMethod" time="35.238"/>
  <system-out/>
</testsuite> <!-- com.calculator.TestSwiggy -->
